[2025-May-20 17:29:38.424 -03:00][22864:22864][info ] Logging initialized
[2025-May-20 18:33:46.366 -03:00][ 2476: 2476][info ] Logging initialized
[2025-May-20 20:09:13.504 -03:00][20199:20199][info ] Logging initialized
[2025-May-20 20:54:40.344 -03:00][ 1076: 1076][info ] Logging initialized
[2025-May-20 21:47:01.510 -03:00][14106:14106][info ] Logging initialized
[2025-May-20 22:26:09.835 -03:00][22028:22028][info ] Logging initialized
[2025-May-22 20:08:04.243 -03:00][ 7366: 7366][info ] Logging initialized
[2025-May-26 17:05:22.538 -03:00][ 2007: 2007][info ] Logging initialized
[2025-May-26 20:47:10.169 -03:00][ 2581: 2581][info ] Logging initialized
[2025-May-27 18:31:03.527 -03:00][ 1339: 1339][info ] Logging initialized
[2025-May-28 17:02:50.997 -03:00][ 1075: 1075][info ] Logging initialized
[2025-Jun-01 17:12:15.930 -03:00][ 1074: 1074][info ] Logging initialized
[2025-Jun-01 22:29:12.133 -03:00][ 1451: 1451][info ] Logging initialized
[2025-Jun-02 18:37:12.564 -03:00][27673:27673][info ] Logging initialized
[2025-Jun-03 20:10:47.965 -03:00][ 1077: 1077][info ] Logging initialized
[2025-Jun-05 19:35:23.978 -03:00][ 1056: 1056][info ] Logging initialized
[2025-Jun-09 08:55:37.257 -03:00][ 1232: 1232][info ] Logging initialized
[2025-Jun-09 18:15:53.342 -03:00][ 1880: 1880][info ] Logging initialized
[2025-Jun-09 18:55:11.063 -03:00][ 2351: 2351][info ] Logging initialized
[2025-Jun-10 10:15:27.233 -03:00][ 2351: 2351][info ] Logging initialized
[2025-Jun-11 17:27:28.403 -03:00][ 1783: 1783][info ] Logging initialized
[2025-Jun-12 19:24:26.921 -03:00][ 2961: 2961][info ] Logging initialized
[2025-Jun-15 21:37:28.525 -03:00][ 3874: 3874][info ] Logging initialized
[2025-Jun-15 21:37:30.442 -03:00][ 3874: 3874][info ] Logging initialized
[2025-Jun-16 16:50:51.140 -03:00][ 1063: 1063][info ] Logging initialized
[2025-Jun-16 21:12:46.826 -03:00][ 5388: 5388][info ] Logging initialized
[2025-Jun-17 17:31:38.018 -03:00][21660:21660][info ] Logging initialized
[2025-Jun-17 21:43:58.769 -03:00][ 6653: 6653][info ] Logging initialized
[2025-Jun-18 17:11:03.061 -03:00][ 1073: 1073][info ] Logging initialized
[2025-Jun-20 19:38:08.373 -03:00][ 1358: 1358][info ] Logging initialized
[2025-Jun-20 19:47:16.979 -03:00][ 1238: 1238][info ] Logging initialized
[2025-Jun-22 20:13:34.496 -03:00][ 1075: 1075][info ] Logging initialized
[2025-Jun-25 20:09:41.088 -03:00][45183:45183][info ] Logging initialized
[2025-Jun-30 21:40:53.581 -03:00][27686:27686][info ] Logging initialized
[2025-Jul-01 20:28:10.217 -03:00][ 1080: 1080][info ] Logging initialized
[2025-Jul-02 18:21:26.860 -03:00][ 1070: 1070][info ] Logging initialized
[2025-Jul-03 20:40:04.558 -03:00][ 1347: 1347][info ] Logging initialized
[2025-Jul-07 19:00:40.031 -03:00][14417:14417][info ] Logging initialized
[2025-Jul-07 20:15:37.369 -03:00][ 1382: 1382][info ] Logging initialized
[2025-Jul-07 20:22:48.188 -03:00][ 1073: 1073][info ] Logging initialized
[2025-Jul-08 18:57:13.102 -03:00][ 1071: 1071][info ] Logging initialized
[2025-Jul-09 18:25:50.881 -03:00][14248:14248][info ] Logging initialized
[2025-Jul-22 10:18:35.281 -03:00][ 2867: 2867][info ] Logging initialized
[2025-Jul-23 09:37:54.100 -03:00][ 1098: 1098][info ] Logging initialized
[2025-Jul-24 18:41:12.104 -03:00][ 1480: 1480][info ] Logging initialized
[2025-Jul-24 20:17:25.642 -03:00][ 1059: 1059][info ] Logging initialized
[2025-Jul-25 18:43:19.781 -03:00][ 1086: 1086][info ] Logging initialized
[2025-Jul-27 19:20:47.261 -03:00][ 4122: 4122][info ] Logging initialized
[2025-Jul-29 19:53:13.361 -03:00][ 1276: 1276][info ] Logging initialized
[2025-Jul-30 19:00:28.787 -03:00][ 1161: 1161][info ] Logging initialized
[2025-Jul-31 18:44:26.505 -03:00][ 1159: 1159][info ] Logging initialized
[2025-Aug-01 16:39:58.894 -03:00][ 1175: 1175][info ] Logging initialized
[2025-Aug-02 13:26:21.336 -03:00][ 1148: 1148][info ] Logging initialized
[2025-Aug-04 15:53:18.273 -03:00][ 1168: 1168][info ] Logging initialized
[2025-Aug-05 09:40:42.431 -03:00][33748:33748][info ] Logging initialized
[2025-Aug-05 12:33:49.607 -03:00][81856:81856][info ] Logging initialized
[2025-Aug-05 12:41:38.209 -03:00][ 1988: 1988][info ] Logging initialized
[2025-Aug-05 13:27:33.623 -03:00][13482:13482][info ] Logging initialized
[2025-Aug-07 21:19:18.989 -03:00][ 1459: 1459][info ] Logging initialized
[2025-Aug-07 22:04:46.873 -03:00][239767:239767][info ] Logging initialized
[2025-Aug-08 09:32:06.814 -03:00][ 1454: 1454][info ] Logging initialized
[2025-Aug-09 15:58:49.618 -03:00][ 1148: 1148][info ] Logging initialized
[2025-Aug-10 21:29:32.006 -03:00][ 1158: 1158][info ] Logging initialized
[2025-Aug-11 20:20:51.946 -03:00][ 1138: 1138][info ] Logging initialized
[2025-Aug-15 09:38:56.755 -03:00][ 5592: 5592][info ] Logging initialized
[2025-Aug-15 10:57:12.004 -03:00][ 1450: 1450][info ] Logging initialized
[2025-Aug-15 14:34:14.170 -03:00][77729:77729][info ] Logging initialized
[2025-Aug-18 18:28:28.135 -03:00][ 1183: 1183][info ] Logging initialized
[2025-Aug-18 18:31:38.418 -03:00][ 1200: 1200][info ] Logging initialized
[2025-Aug-18 19:22:02.471 -03:00][ 6900: 6900][info ] Logging initialized
[2025-Aug-18 21:02:59.226 -03:00][ 1190: 1190][info ] Logging initialized
